     1                                  ; haribote-ipl (10 cylinders)
     2                                  ; TAB=4
     3                                  
     4                                  CYLS	EQU 10			; 10シリンダ分しか読み込んでいない
     5                                  
     6                                  ORG	0x7c00
     7                                  
     8                                  ; FAT12 FD
     9                                  
    10 00000000 EB4E                    JMP	entry
    11                                  
    12 00000002 90                      DB	0x90
    13 00000003 48415249424F5445        DB	"HARIBOTE"
    14 0000000B 0002                    DW	512
    15 0000000D 01                      DB	1
    16 0000000E 0100                    DW	1
    17 00000010 02                      DB	2
    18 00000011 E000                    DW	224
    19 00000013 400B                    DW	2880
    20 00000015 F0                      DB	0xf0
    21 00000016 0900                    DW	9
    22 00000018 1200                    DW	18
    23 0000001A 0200                    DW	2
    24 0000001C 00000000                DD	0
    25 00000020 400B0000                DD	2880
    26 00000024 000029                  DB	0, 0, 0x29
    27 00000027 FFFFFFFF                DD	0xffffffff
    28 0000002B 48454C4C4F2D4F5320-     DB	"HELLO-OS   "
    28 00000034 2020               
    29 00000036 4641543132202020        DB	"FAT12   "
    30                                  ;RESB 18
    31 0000003E 00<rept>                TIMES 18 DB 0
    32                                  
    33                                  ; プログラム本体
    34                                  
    35                                  entry:
    36 00000050 B80000                  	MOV		AX, 0
    37 00000053 8ED0                    	MOV		SS, AX
    38 00000055 BC007C                  	MOV		SP, 0x7c00
    39 00000058 8ED8                    	MOV		DS, AX		; data segment
    40 0000005A 8EC0                    	MOV		ES, AX		; extra segment
    41                                  
    42 0000005C BE[CC00]                	MOV		SI, msg
    43                                  
    44                                  ; ディスクを読む
    45                                  
    46 0000005F B82008                  	MOV		AX,0x0820
    47 00000062 8EC0                    	MOV		ES,AX
    48 00000064 B500                    	MOV		CH,0			; シリンダ0
    49 00000066 B600                    	MOV		DH,0			; ヘッド0
    50 00000068 B102                    	MOV		CL,2			; セクタ2
    51                                  
    52                                  readloop:
    53 0000006A BE0000                  	MOV		SI,0			; 失敗回数を数えるレジスタ
    54                                  
    55                                  retry:
    56 0000006D B402                    	MOV		AH,0x02			; AH=0x02 : ディスク読み込み
    57 0000006F B001                    	MOV		AL,1			; 1セクタ
    58 00000071 BB0000                  	MOV		BX,0
    59 00000074 B200                    	MOV		DL,0x00			; Aドライブ
    60 00000076 CD13                    	INT		0x13			; ディスクBIOS呼び出し
    61 00000078 7310                    	JNC		next				; エラーが起きなければnextへ
    62 0000007A 83C601                  	ADD		SI,1
    63 0000007D 83FE05                  	CMP		SI,5
    64 00000080 7332                    	JAE		error			; SI >= 5だったらerrorへ
    65 00000082 B400                    	MOV		AH, 0x00
    66 00000084 B200                    	MOV		DL, 0x00
    67 00000086 CD13                    	INT		0x13			; ドライブのリセット
    68 00000088 EBE3                    	JMP		retry
    69                                  
    70                                  next:
    71 0000008A 8CC0                    	MOV		AX,ES			; アドレスを0x200進める
    72 0000008C 83C020                  	ADD		AX,0x0020
    73 0000008F 8EC0                    	MOV		ES,AX
    74 00000091 80C101                  	ADD		CL,1
    75 00000094 80F912                  	CMP 	CL,18
    76 00000097 76D1                    	JBE		readloop	; CL <= 18 だったらreadloopへ
    77 00000099 B101                    	MOV		CL,1
    78 0000009B 80C601                  	ADD		DH,1
    79 0000009E 80FE02                  	CMP		DH,2
    80 000000A1 72C7                    	JB		readloop	; DH < 2だったらreadloopへ
    81 000000A3 B600                    	MOV		DH,0
    82 000000A5 80C501                  	ADD		CH,1
    83 000000A8 80FD0A                  	CMP		CH,CYLS
    84 000000AB 72BD                    	JB		readloop
    85                                  
    86                                  ; 読み終わったのでharibote.sysを実行だ！
    87                                  
    88 000000AD 882EF00F                	MOV		[0x0ff0],CH		; IPLがどこまで読んだのかをメモ
    89 000000B1 E9(00C2)                	JMP		0xc200
    90                                  
    91                                  ; 何もすることがないので終わる
    92                                  
    93                                  error:
    94 000000B4 BE[CC00]                	MOV		SI,msg
    95                                  
    96                                  putloop:
    97 000000B7 8A04                    	MOV		AL, [SI]
    98 000000B9 83C601                  	ADD		SI, 1
    99 000000BC 3C00                    	CMP		AL, 0
   100 000000BE 7409                    	JE		fin
   101 000000C0 B40E                    	MOV		AH, 0x0e	; 1文字表示
   102 000000C2 BB0F00                  	MOV		BX, 15		; カラーコード
   103 000000C5 CD10                    	INT		0x10 		; ビデオBIOS呼び出し
   104 000000C7 EBEE                    	JMP putloop
   105                                  
   106                                  fin:
   107 000000C9 F4                      	HLT
   108 000000CA EBFD                    	JMP fin
   109                                  
   110                                  msg:
   111 000000CC 0A0A                    	DB		0x0a, 0x0a ; 改行2行
   112 000000CE 6C6F6164206572726F-     	DB		"load error"
   112 000000D7 72                 
   113 000000D8 0A                      	DB		0x0a
   114 000000D9 00                      	DB		0
   115                                  	; RESB 	0x1fe-$
   116 000000DA 00<rept>                	TIMES	0x1fe-($-$$) DB 0
   117 000001FE 55AA                    	DB		0x55, 0xaa
   118                                  	
   119                                  	; PCはまずディスクの最初のセクタを読み、その最後の2バイトを見る。それが55AAであればboot sectorと認識する。
